<?xml version="1.0" encoding="UTF-8"?>
<testsuite xmlns:xsi="http://www.w3.org/2001/XMLSchema-instance" xsi:noNamespaceSchemaLocation="https://maven.apache.org/surefire/maven-surefire-plugin/xsd/surefire-test-report-3.0.xsd" version="3.0" name="com.atos.projektpraksa.ProjektPraksaApplicationTests" time="8.216" tests="1" errors="0" skipped="0" failures="0">
  <properties>
[...]
</properties>
  <testcase name="contextLoads" classname="com.atos.projektpraksa.ProjektPraksaApplicationTests" time="0.604">
    <system-out><![CDATA[17:36:33.598 [main] INFO org.springframework.test.context.support.AnnotationConfigContextLoaderUtils -- Could not detect default configuration classes for test class [com.atos.projektpraksa.ProjektPraksaApplicationTests]: ProjektPraksaApplicationTests does not declare any static, non-private, non-final, nested classes annotated with @Configuration.
17:36:33.762 [main] INFO org.springframework.boot.test.context.SpringBootTestContextBootstrapper -- Found @SpringBootConfiguration com.atos.projektpraksa.ProjektPraksaApplication for test class com.atos.projektpraksa.ProjektPraksaApplicationTests

  .   ____          _            __ _ _
 /\\ / ___'_ __ _ _(_)_ __  __ _ \ \ \ \
( ( )\___ | '_ | '_| | '_ \/ _` | \ \ \ \
 \\/  ___)| |_)| | | | | || (_| |  ) ) ) )
  '  |____| .__|_| |_|_| |_\__, | / / / /
 =========|_|==============|___/=/_/_/_/
 :: Spring Boot ::                (v3.1.3)

2023-11-09T17:36:34.348+01:00  INFO 21796 --- [           main] c.a.p.ProjektPraksaApplicationTests      : Starting ProjektPraksaApplicationTests using Java 17.0.7 with PID 21796 (started by Filip in C:\Users\Filip\Desktop\Github projekti moj github\TaskTaskBoom\backend\ProjektPraksa)
2023-11-09T17:36:34.350+01:00  INFO 21796 --- [           main] c.a.p.ProjektPraksaApplicationTests      : No active profile set, falling back to 1 default profile: "default"
2023-11-09T17:36:34.411+01:00 DEBUG 21796 --- [           main] o.s.w.c.s.GenericWebApplicationContext   : Refreshing org.springframework.web.context.support.GenericWebApplicationContext@37d80fe7
2023-11-09T17:36:35.207+01:00  INFO 21796 --- [           main] .s.d.r.c.RepositoryConfigurationDelegate : Bootstrapping Spring Data JPA repositories in DEFAULT mode.
2023-11-09T17:36:35.313+01:00  INFO 21796 --- [           main] .s.d.r.c.RepositoryConfigurationDelegate : Finished Spring Data repository scanning in 95 ms. Found 6 JPA repository interfaces.
2023-11-09T17:36:36.015+01:00  INFO 21796 --- [           main] o.hibernate.jpa.internal.util.LogHelper  : HHH000204: Processing PersistenceUnitInfo [name: default]
2023-11-09T17:36:36.124+01:00  INFO 21796 --- [           main] org.hibernate.Version                    : HHH000412: Hibernate ORM core version 6.2.7.Final
2023-11-09T17:36:36.128+01:00  INFO 21796 --- [           main] org.hibernate.cfg.Environment            : HHH000406: Using bytecode reflection optimizer
2023-11-09T17:36:36.370+01:00  INFO 21796 --- [           main] o.h.b.i.BytecodeProviderInitiator        : HHH000021: Bytecode provider name : bytebuddy
2023-11-09T17:36:36.609+01:00  INFO 21796 --- [           main] o.s.o.j.p.SpringPersistenceUnitInfo      : No LoadTimeWeaver setup: ignoring JPA class transformer
2023-11-09T17:36:36.640+01:00  INFO 21796 --- [           main] com.zaxxer.hikari.HikariDataSource       : HikariPool-1 - Starting...
2023-11-09T17:36:37.010+01:00  INFO 21796 --- [           main] com.zaxxer.hikari.pool.HikariPool        : HikariPool-1 - Added connection org.postgresql.jdbc.PgConnection@76ac68b0
2023-11-09T17:36:37.019+01:00  INFO 21796 --- [           main] com.zaxxer.hikari.HikariDataSource       : HikariPool-1 - Start completed.
2023-11-09T17:36:37.551+01:00  INFO 21796 --- [           main] o.h.b.i.BytecodeProviderInitiator        : HHH000021: Bytecode provider name : bytebuddy
2023-11-09T17:36:38.419+01:00  INFO 21796 --- [           main] o.h.e.t.j.p.i.JtaPlatformInitiator       : HHH000490: Using JtaPlatform implementation: [org.hibernate.engine.transaction.jta.platform.internal.NoJtaPlatform]
Hibernate: alter table if exists projects alter column end_date set data type timestamp(6)
Hibernate: alter table if exists projects alter column start_date set data type timestamp(6)
Hibernate: alter table if exists user_task alter column last_edit set data type timestamp(6)
Hibernate: alter table if exists user_userstory alter column last_edit set data type timestamp(6)
2023-11-09T17:36:38.577+01:00  INFO 21796 --- [           main] j.LocalContainerEntityManagerFactoryBean : Initialized JPA EntityManagerFactory for persistence unit 'default'
2023-11-09T17:36:39.130+01:00  INFO 21796 --- [           main] o.s.d.j.r.query.QueryEnhancerFactory     : Hibernate is in classpath; If applicable, HQL parser will be used.
2023-11-09T17:36:40.127+01:00  WARN 21796 --- [           main] JpaBaseConfiguration$JpaWebConfiguration : spring.jpa.open-in-view is enabled by default. Therefore, database queries may be performed during view rendering. Explicitly configure spring.jpa.open-in-view to disable this warning
2023-11-09T17:36:40.357+01:00 DEBUG 21796 --- [           main] s.w.s.m.m.a.RequestMappingHandlerMapping : 18 mappings in 'requestMappingHandlerMapping'
2023-11-09T17:36:40.638+01:00 DEBUG 21796 --- [           main] s.w.s.m.m.a.RequestMappingHandlerAdapter : ControllerAdvice beans: 0 @ModelAttribute, 0 @InitBinder, 1 RequestBodyAdvice, 1 ResponseBodyAdvice
2023-11-09T17:36:40.703+01:00 DEBUG 21796 --- [           main] .m.m.a.ExceptionHandlerExceptionResolver : ControllerAdvice beans: 0 @ExceptionHandler, 1 ResponseBodyAdvice
2023-11-09T17:36:40.966+01:00  INFO 21796 --- [           main] c.a.p.ProjektPraksaApplicationTests      : Started ProjektPraksaApplicationTests in 6.993 seconds (process running for 8.218)
]]></system-out>
  </testcase>
</testsuite>